<?xml version="1.0" encoding="UTF-8"?>
<coverage generated="1668497431385" clover="3.2.0">
  <project timestamp="1668497431385" name="All files">
    <metrics statements="10" coveredstatements="9" conditionals="2" coveredconditionals="1" methods="4" coveredmethods="3" elements="16" coveredelements="13" complexity="0" loc="10" ncloc="10" packages="2" files="3" classes="3"/>
    <package name="my_app">
      <metrics statements="7" coveredstatements="6" conditionals="0" coveredconditionals="0" methods="3" coveredmethods="2"/>
      <file name="App.js" path="/Users/admin/Documents/shivam/my_app/App.js">
        <metrics statements="6" coveredstatements="5" conditionals="0" coveredconditionals="0" methods="2" coveredmethods="1"/>
        <line num="4" count="1" type="stmt"/>
        <line num="5" count="1" type="stmt"/>
        <line num="6" count="1" type="stmt"/>
        <line num="7" count="0" type="stmt"/>
        <line num="9" count="1" type="stmt"/>
        <line num="17" count="1" type="stmt"/>
      </file>
      <file name="sum.js" path="/Users/admin/Documents/shivam/my_app/sum.js">
        <metrics statements="1" coveredstatements="1" conditionals="0" coveredconditionals="0" methods="1" coveredmethods="1"/>
        <line num="2" count="2" type="stmt"/>
      </file>
    </package>
    <package name="my_app.components">
      <metrics statements="3" coveredstatements="3" conditionals="2" coveredconditionals="1" methods="1" coveredmethods="1"/>
      <file name="Link.js" path="/Users/admin/Documents/shivam/my_app/components/Link.js">
        <metrics statements="3" coveredstatements="3" conditionals="2" coveredconditionals="1" methods="1" coveredmethods="1"/>
        <line num="4" count="1" type="stmt"/>
        <line num="10" count="1" type="stmt"/>
        <line num="12" count="1" type="stmt"/>
      </file>
    </package>
  </project>
</coverage>
