{"/Users/admin/Documents/shivam/my_app/App.js": {"path":"/Users/admin/Documents/shivam/my_app/App.js","statementMap":{"0":{"start":{"line":4,"column":12},"end":{"line":15,"column":1}},"1":{"start":{"line":5,"column":27},"end":{"line":5,"column":38}},"2":{"start":{"line":6,"column":18},"end":{"line":8,"column":3}},"3":{"start":{"line":7,"column":5},"end":{"line":7,"column":23}},"4":{"start":{"line":9,"column":2},"end":{"line":14,"column":4}},"5":{"start":{"line":17,"column":15},"end":{"line":26,"column":2}}},"fnMap":{"0":{"name":"(anonymous_0)","decl":{"start":{"line":4,"column":12},"end":{"line":4,"column":13}},"loc":{"start":{"line":4,"column":18},"end":{"line":15,"column":1}},"line":4},"1":{"name":"(anonymous_1)","decl":{"start":{"line":6,"column":18},"end":{"line":6,"column":19}},"loc":{"start":{"line":6,"column":24},"end":{"line":8,"column":3}},"line":6}},"branchMap":{},"s":{"0":1,"1":1,"2":1,"3":0,"4":1,"5":1},"f":{"0":1,"1":0},"b":{},"_coverageSchema":"1a1c01bbd47fc00a2c39e90264f33305004495a9","hash":"e6af7b1f70acd2742d874cb836eef53170631309"}
,"/Users/admin/Documents/shivam/my_app/sum.js": {"path":"/Users/admin/Documents/shivam/my_app/sum.js","statementMap":{"0":{"start":{"line":2,"column":4},"end":{"line":2,"column":35}}},"fnMap":{"0":{"name":"sum","decl":{"start":{"line":1,"column":9},"end":{"line":1,"column":12}},"loc":{"start":{"line":1,"column":17},"end":{"line":3,"column":1}},"line":1}},"branchMap":{},"s":{"0":2},"f":{"0":2},"b":{},"_coverageSchema":"1a1c01bbd47fc00a2c39e90264f33305004495a9","hash":"68ba100c33f2b42dc29f4aa841cb957d7d19a9ee"}
,"/Users/admin/Documents/shivam/my_app/components/Link.js": {"path":"/Users/admin/Documents/shivam/my_app/components/Link.js","statementMap":{"0":{"start":{"line":4,"column":15},"end":{"line":7,"column":1}},"1":{"start":{"line":10,"column":30},"end":{"line":10,"column":53}},"2":{"start":{"line":12,"column":2},"end":{"line":22,"column":4}}},"fnMap":{"0":{"name":"Link","decl":{"start":{"line":9,"column":24},"end":{"line":9,"column":28}},"loc":{"start":{"line":9,"column":47},"end":{"line":23,"column":1}},"line":9}},"branchMap":{"0":{"loc":{"start":{"line":16,"column":14},"end":{"line":16,"column":25}},"type":"binary-expr","locations":[{"start":{"line":16,"column":14},"end":{"line":16,"column":18}},{"start":{"line":16,"column":22},"end":{"line":16,"column":25}}],"line":16}},"s":{"0":1,"1":1,"2":1},"f":{"0":1},"b":{"0":[1,0]},"_coverageSchema":"1a1c01bbd47fc00a2c39e90264f33305004495a9","hash":"18599e5e7e8a2a5574a51b5f43619b21a2ff9d28"}
}
